Job started at: Tue Aug  5 11:39:34 AM NZST 2025
Job ID: 14404
Running on node: n02
CPUs allocated: 8
Working directory: /tmp/pest_mc_14404
Project root: /home/tfo46/pakipaki_model01
Copying project files...
Setting executable permissions...
Checking for required executables:
  ✗ pestpp-swp.exe not found or not executable
  ✗ mf6.exe not found or not executable
  ✗ mp7.exe not found or not executable
Checking Python dependencies:
✗ pyemu not available - you may need to install it
✗ flopy not available - you may need to install it
✓ pandas available
✓ numpy available
Installing pyemu...
Collecting pyemu
  Downloading pyemu-1.3.8-py3-none-any.whl.metadata (10 kB)
Requirement already satisfied: numpy in /shared/prefix2025/easybuild/software/rockylinux/9.5/amd/zen3/software/SciPy-bundle/2024.05-gfbf-2024a/lib/python3.12/site-packages (from pyemu) (1.26.4)
Requirement already satisfied: pandas in /shared/prefix2025/easybuild/software/rockylinux/9.5/amd/zen3/software/SciPy-bundle/2024.05-gfbf-2024a/lib/python3.12/site-packages (from pyemu) (2.2.2)
Requirement already satisfied: python-dateutil>=2.8.2 in /shared/prefix2025/easybuild/software/rockylinux/9.5/amd/zen3/software/Python-bundle-PyPI/2024.06-GCCcore-13.3.0/lib/python3.12/site-packages (from pandas->pyemu) (2.9.0.post0)
Requirement already satisfied: pytz>=2020.1 in /shared/prefix2025/easybuild/software/rockylinux/9.5/amd/zen3/software/Python-bundle-PyPI/2024.06-GCCcore-13.3.0/lib/python3.12/site-packages (from pandas->pyemu) (2024.1)
Requirement already satisfied: tzdata>=2022.7 in /shared/prefix2025/easybuild/software/rockylinux/9.5/amd/zen3/software/SciPy-bundle/2024.05-gfbf-2024a/lib/python3.12/site-packages (from pandas->pyemu) (2024.1)
Requirement already satisfied: six>=1.5 in /shared/prefix2025/easybuild/software/rockylinux/9.5/amd/zen3/software/Python-bundle-PyPI/2024.06-GCCcore-13.3.0/lib/python3.12/site-packages (from python-dateutil>=2.8.2->pandas->pyemu) (1.16.0)
Downloading pyemu-1.3.8-py3-none-any.whl (347 kB)
   ━━━━━━━━━━━━━━━━━━━━━━━━━━━━━━━━━━━━━━━━ 347.4/347.4 kB 11.3 MB/s eta 0:00:00
Installing collected packages: pyemu
Successfully installed pyemu-1.3.8
Installing flopy...
Collecting flopy
  Downloading flopy-3.9.3-py3-none-any.whl.metadata (10 kB)
Collecting matplotlib>=1.4.0 (from flopy)
  Downloading matplotlib-3.10.5-cp312-cp312-manylinux2014_x86_64.manylinux_2_17_x86_64.whl.metadata (11 kB)
Requirement already satisfied: numpy>=1.20.3 in /shared/prefix2025/easybuild/software/rockylinux/9.5/amd/zen3/software/SciPy-bundle/2024.05-gfbf-2024a/lib/python3.12/site-packages (from flopy) (1.26.4)
Requirement already satisfied: pandas>=2.0.0 in /shared/prefix2025/easybuild/software/rockylinux/9.5/amd/zen3/software/SciPy-bundle/2024.05-gfbf-2024a/lib/python3.12/site-packages (from flopy) (2.2.2)
Collecting contourpy>=1.0.1 (from matplotlib>=1.4.0->flopy)
  Downloading contourpy-1.3.3-cp312-cp312-manylinux_2_27_x86_64.manylinux_2_28_x86_64.whl.metadata (5.5 kB)
Collecting cycler>=0.10 (from matplotlib>=1.4.0->flopy)
  Downloading cycler-0.12.1-py3-none-any.whl.metadata (3.8 kB)
Collecting fonttools>=4.22.0 (from matplotlib>=1.4.0->flopy)
  Downloading fonttools-4.59.0-cp312-cp312-manylinux1_x86_64.manylinux2014_x86_64.manylinux_2_17_x86_64.manylinux_2_5_x86_64.whl.metadata (107 kB)
     ━━━━━━━━━━━━━━━━━━━━━━━━━━━━━━━━━━━━━━━ 107.9/107.9 kB 2.8 MB/s eta 0:00:00
Collecting kiwisolver>=1.3.1 (from matplotlib>=1.4.0->flopy)
  Downloading kiwisolver-1.4.8-cp312-cp312-manylinux_2_17_x86_64.manylinux2014_x86_64.whl.metadata (6.2 kB)
Requirement already satisfied: packaging>=20.0 in /shared/prefix2025/easybuild/software/rockylinux/9.5/amd/zen3/software/Python-bundle-PyPI/2024.06-GCCcore-13.3.0/lib/python3.12/site-packages (from matplotlib>=1.4.0->flopy) (24.1)
Collecting pillow>=8 (from matplotlib>=1.4.0->flopy)
  Downloading pillow-11.3.0-cp312-cp312-manylinux_2_27_x86_64.manylinux_2_28_x86_64.whl.metadata (9.0 kB)
Requirement already satisfied: pyparsing>=2.3.1 in /shared/prefix2025/easybuild/software/rockylinux/9.5/amd/zen3/software/Python-bundle-PyPI/2024.06-GCCcore-13.3.0/lib/python3.12/site-packages (from matplotlib>=1.4.0->flopy) (3.1.2)
Requirement already satisfied: python-dateutil>=2.7 in /shared/prefix2025/easybuild/software/rockylinux/9.5/amd/zen3/software/Python-bundle-PyPI/2024.06-GCCcore-13.3.0/lib/python3.12/site-packages (from matplotlib>=1.4.0->flopy) (2.9.0.post0)
Requirement already satisfied: pytz>=2020.1 in /shared/prefix2025/easybuild/software/rockylinux/9.5/amd/zen3/software/Python-bundle-PyPI/2024.06-GCCcore-13.3.0/lib/python3.12/site-packages (from pandas>=2.0.0->flopy) (2024.1)
Requirement already satisfied: tzdata>=2022.7 in /shared/prefix2025/easybuild/software/rockylinux/9.5/amd/zen3/software/SciPy-bundle/2024.05-gfbf-2024a/lib/python3.12/site-packages (from pandas>=2.0.0->flopy) (2024.1)
Requirement already satisfied: six>=1.5 in /shared/prefix2025/easybuild/software/rockylinux/9.5/amd/zen3/software/Python-bundle-PyPI/2024.06-GCCcore-13.3.0/lib/python3.12/site-packages (from python-dateutil>=2.7->matplotlib>=1.4.0->flopy) (1.16.0)
Downloading flopy-3.9.3-py3-none-any.whl (1.7 MB)
   ━━━━━━━━━━━━━━━━━━━━━━━━━━━━━━━━━━━━━━━━ 1.7/1.7 MB 6.7 MB/s eta 0:00:00
Downloading matplotlib-3.10.5-cp312-cp312-manylinux2014_x86_64.manylinux_2_17_x86_64.whl (8.7 MB)
   ━━━━━━━━━━━━━━━━━━━━━━━━━━━━━━━━━━━━━━━━ 8.7/8.7 MB 78.8 MB/s eta 0:00:00
Downloading contourpy-1.3.3-cp312-cp312-manylinux_2_27_x86_64.manylinux_2_28_x86_64.whl (362 kB)
   ━━━━━━━━━━━━━━━━━━━━━━━━━━━━━━━━━━━━━━━━ 362.6/362.6 kB 18.4 MB/s eta 0:00:00
Downloading cycler-0.12.1-py3-none-any.whl (8.3 kB)
Downloading fonttools-4.59.0-cp312-cp312-manylinux1_x86_64.manylinux2014_x86_64.manylinux_2_17_x86_64.manylinux_2_5_x86_64.whl (4.9 MB)
   ━━━━━━━━━━━━━━━━━━━━━━━━━━━━━━━━━━━━━━━━ 4.9/4.9 MB 60.4 MB/s eta 0:00:00
Downloading kiwisolver-1.4.8-cp312-cp312-manylinux_2_17_x86_64.manylinux2014_x86_64.whl (1.5 MB)
   ━━━━━━━━━━━━━━━━━━━━━━━━━━━━━━━━━━━━━━━━ 1.5/1.5 MB 39.2 MB/s eta 0:00:00
Downloading pillow-11.3.0-cp312-cp312-manylinux_2_27_x86_64.manylinux_2_28_x86_64.whl (6.6 MB)
   ━━━━━━━━━━━━━━━━━━━━━━━━━━━━━━━━━━━━━━━━ 6.6/6.6 MB 58.8 MB/s eta 0:00:00
Installing collected packages: pillow, kiwisolver, fonttools, cycler, contourpy, matplotlib, flopy
Successfully installed contourpy-1.3.3 cycler-0.12.1 flopy-3.9.3 fonttools-4.59.0 kiwisolver-1.4.8 matplotlib-3.10.5 pillow-11.3.0
Contents of script directory:
total 12
drwxr-xr-x   3 tfo46 domain_users   22 Aug  5 11:39 .
drwxrwxrwt 101 root  root         8192 Aug  5 11:40 ..
drwxr-xr-x   5 tfo46 domain_users   50 Aug  5 11:39 examples
Verifying path structure...
Current directory: /tmp/pest_mc_14404
Expected bin path: 
Expected temp dir: 
Starting PEST Monte Carlo analysis...
Command: python e_pest_MC.py
PEST Monte Carlo analysis failed with exit code 2
Copying results back to project directory...
Copying generated model files back...
Copying log files...
Job completed at: Tue Aug  5 11:40:19 AM NZST 2025
Exit code: 0
